<?xml version="1.0" encoding="UTF-8"?>
<!-- Generated by org.testng.reporters.JUnitReportReporter -->
<testsuite hostname="BDC6-DX-6BK6NK2" name="Seleniumproject.NewTest57" tests="1" failures="0" timestamp="18 Nov 2019 06:27:16 GMT" time="2.403" errors="0">
  <testcase name="testExcel" time="2.403" classname="Seleniumproject.NewTest57"/>
</testsuite> <!-- Seleniumproject.NewTest57 -->
