<?xml version="1.0" encoding="UTF-8"?>
<!-- Generated by org.testng.reporters.JUnitReportReporter -->
<testsuite hostname="BDC6-DX-6BK6NK2" name="Seleniumproject.NewTest56" tests="1" failures="0" timestamp="14 Nov 2019 05:51:37 GMT" time="4.040" errors="0">
  <testcase name="testFindDetaisl" time="4.040" classname="Seleniumproject.NewTest56"/>
</testsuite> <!-- Seleniumproject.NewTest56 -->
