<?xml version="1.0" encoding="UTF-8"?>
<!-- Generated by org.testng.reporters.JUnitReportReporter -->
<testsuite hostname="BDC6-DX-6BK6NK2" name="Seleniumproject.NewTest55" tests="1" failures="0" timestamp="14 Nov 2019 04:38:54 GMT" time="2.421" errors="0">
  <testcase name="testAboutUs" time="2.421" classname="Seleniumproject.NewTest55"/>
</testsuite> <!-- Seleniumproject.NewTest55 -->
