<?xml version="1.0" encoding="UTF-8"?>
<!-- Generated by org.testng.reporters.JUnitReportReporter -->
<testsuite hostname="BDC6-DX-6BK6NK2" name="Seleniumproject.Ajinkya" tests="3" failures="0" timestamp="14 Nov 2019 10:16:21 GMT" time="6.654" errors="0">
  <testcase name="testLogin" time="0.764" classname="Seleniumproject.Ajinkya"/>
  <testcase name="testLogin" time="4.909" classname="Seleniumproject.Ajinkya"/>
  <testcase name="testLogin" time="0.981" classname="Seleniumproject.Ajinkya"/>
</testsuite> <!-- Seleniumproject.Ajinkya -->
